<?xml version="1.0" encoding="UTF-8"?>
<!-- Generated by org.testng.reporters.JUnitXMLReporter -->
<testsuite ignored="0" hostname="ALIEN" failures="1" tests="1" name="FirefoxTest" time="48.077" errors="0" timestamp="2025-07-02T22:28:01 IST">
  <testcase classname="testcases.EcommerceTest" name="endToEndAmazonFlow" time="31.668">
    <failure type="java.lang.AssertionError" message="Forcing failure to test screenshot expected [true] but found [false]">
      <![CDATA[java.lang.AssertionError: Forcing failure to test screenshot expected [true] but found [false]
at testcases.EcommerceTest.endToEndAmazonFlow(EcommerceTest.java:57)
at java.base/java.util.ArrayList.forEach(ArrayList.java:1596)
at java.base/java.util.concurrent.FutureTask.run(FutureTask.java:317)
at java.base/java.util.concurrent.ThreadPoolExecutor.runWorker(ThreadPoolExecutor.java:1144)
at java.base/java.util.concurrent.ThreadPoolExecutor$Worker.run(ThreadPoolExecutor.java:642)
at java.base/java.lang.Thread.run(Thread.java:1583)
... Removed 18 stack frames]]>
    </failure>
  </testcase> <!-- endToEndAmazonFlow -->
</testsuite> <!-- FirefoxTest -->
