<?xml version="1.0" encoding="UTF-8"?>
<testng-results ignored="0" total="2" passed="2" failed="0" skipped="0">
  <reporter-output>
  </reporter-output>
  <suite started-at="2025-07-05T01:21:25 IST" name="Surefire suite" finished-at="2025-07-05T01:21:57 IST" duration-ms="32462">
    <groups>
    </groups>
    <test started-at="2025-07-05T01:21:25 IST" name="Surefire test" finished-at="2025-07-05T01:21:57 IST" duration-ms="32462">
      <class name="testcases.EcommerceTest">
        <test-method is-config="true" signature="setUp(java.lang.reflect.Method,java.lang.String)[pri:0, instance:testcases.EcommerceTest@1ddf84b8]" started-at="2025-07-05T01:21:30 IST" name="setUp" finished-at="2025-07-05T01:21:34 IST" duration-ms="3701" status="PASS">
          <params>
            <param index="0">
              <value>
                <![CDATA[public void testcases.EcommerceTest.endToEndAmazonFlow_SingleProduct() throws java.lang.InterruptedException]]>
              </value>
            </param>
            <param index="1">
              <value>
                <![CDATA[chrome]]>
              </value>
            </param>
          </params>
          <reporter-output>
          </reporter-output>
        </test-method> <!-- setUp -->
        <test-method signature="endToEndAmazonFlow_SingleProduct()[pri:0, instance:testcases.EcommerceTest@1ddf84b8]" started-at="2025-07-05T01:21:34 IST" name="endToEndAmazonFlow_SingleProduct" finished-at="2025-07-05T01:21:57 IST" duration-ms="23350" status="PASS">
          <reporter-output>
          </reporter-output>
        </test-method> <!-- endToEndAmazonFlow_SingleProduct -->
        <test-method is-config="true" signature="tearDown(org.testng.ITestResult)[pri:0, instance:testcases.EcommerceTest@1ddf84b8]" started-at="2025-07-05T01:21:57 IST" name="tearDown" finished-at="2025-07-05T01:21:57 IST" duration-ms="309" status="PASS">
          <params>
            <param index="0">
              <value>
                <![CDATA[[TestResult name=endToEndAmazonFlow_SingleProduct status=SUCCESS method=EcommerceTest.endToEndAmazonFlow_SingleProduct()[pri:0, instance:testcases.EcommerceTest@1ddf84b8] output={null}]]]>
              </value>
            </param>
          </params>
          <reporter-output>
          </reporter-output>
        </test-method> <!-- tearDown -->
      </class> <!-- testcases.EcommerceTest -->
      <class name="testcases.EcommerceCrossBrowserTest">
        <test-method is-config="true" signature="setUp(java.lang.reflect.Method,java.lang.String)[pri:0, instance:testcases.EcommerceCrossBrowserTest@5c30a9b0]" started-at="2025-07-05T01:21:25 IST" name="setUp" finished-at="2025-07-05T01:21:30 IST" duration-ms="4568" status="PASS">
          <params>
            <param index="0">
              <value>
                <![CDATA[public void testcases.EcommerceCrossBrowserTest.crossBrowserFlow() throws java.lang.InterruptedException]]>
              </value>
            </param>
            <param index="1">
              <value>
                <![CDATA[chrome]]>
              </value>
            </param>
          </params>
          <reporter-output>
          </reporter-output>
        </test-method> <!-- setUp -->
        <test-method signature="crossBrowserFlow()[pri:0, instance:testcases.EcommerceCrossBrowserTest@5c30a9b0]" started-at="2025-07-05T01:21:30 IST" name="crossBrowserFlow" finished-at="2025-07-05T01:21:30 IST" duration-ms="4" status="PASS">
          <reporter-output>
          </reporter-output>
        </test-method> <!-- crossBrowserFlow -->
        <test-method is-config="true" signature="tearDown(org.testng.ITestResult)[pri:0, instance:testcases.EcommerceCrossBrowserTest@5c30a9b0]" started-at="2025-07-05T01:21:30 IST" name="tearDown" finished-at="2025-07-05T01:21:30 IST" duration-ms="487" status="PASS">
          <params>
            <param index="0">
              <value>
                <![CDATA[[TestResult name=crossBrowserFlow status=SUCCESS method=EcommerceCrossBrowserTest.crossBrowserFlow()[pri:0, instance:testcases.EcommerceCrossBrowserTest@5c30a9b0] output={null}]]]>
              </value>
            </param>
          </params>
          <reporter-output>
          </reporter-output>
        </test-method> <!-- tearDown -->
      </class> <!-- testcases.EcommerceCrossBrowserTest -->
    </test> <!-- Surefire test -->
  </suite> <!-- Surefire suite -->
</testng-results>
