<?xml version="1.0" encoding="UTF-8"?>
<testng-results ignored="0" total="1" passed="1" failed="0" skipped="0">
  <reporter-output>
  </reporter-output>
  <suite started-at="2025-07-05T01:10:56 IST" name="Default suite" finished-at="2025-07-05T01:11:25 IST" duration-ms="28716">
    <groups>
    </groups>
    <test started-at="2025-07-05T01:10:56 IST" name="Default test" finished-at="2025-07-05T01:11:25 IST" duration-ms="28716">
      <class name="testcases.EcommerceTest">
        <test-method is-config="true" signature="setUp(java.lang.reflect.Method,java.lang.String)[pri:0, instance:testcases.EcommerceTest@6025e1b6]" started-at="2025-07-05T01:10:56 IST" name="setUp" finished-at="2025-07-05T01:11:01 IST" duration-ms="4354" status="PASS">
          <params>
            <param index="0">
              <value>
                <![CDATA[public void testcases.EcommerceTest.endToEndAmazonFlow_SingleProduct() throws java.lang.InterruptedException]]>
              </value>
            </param>
            <param index="1">
              <value>
                <![CDATA[chrome]]>
              </value>
            </param>
          </params>
          <reporter-output>
          </reporter-output>
        </test-method> <!-- setUp -->
        <test-method signature="endToEndAmazonFlow_SingleProduct()[pri:0, instance:testcases.EcommerceTest@6025e1b6]" started-at="2025-07-05T01:11:01 IST" name="endToEndAmazonFlow_SingleProduct" finished-at="2025-07-05T01:11:24 IST" duration-ms="23524" status="PASS">
          <reporter-output>
          </reporter-output>
        </test-method> <!-- endToEndAmazonFlow_SingleProduct -->
        <test-method is-config="true" signature="tearDown(org.testng.ITestResult)[pri:0, instance:testcases.EcommerceTest@6025e1b6]" started-at="2025-07-05T01:11:24 IST" name="tearDown" finished-at="2025-07-05T01:11:25 IST" duration-ms="804" status="PASS">
          <params>
            <param index="0">
              <value>
                <![CDATA[[TestResult name=endToEndAmazonFlow_SingleProduct status=SUCCESS method=EcommerceTest.endToEndAmazonFlow_SingleProduct()[pri:0, instance:testcases.EcommerceTest@6025e1b6] output={null}]]]>
              </value>
            </param>
          </params>
          <reporter-output>
          </reporter-output>
        </test-method> <!-- tearDown -->
      </class> <!-- testcases.EcommerceTest -->
    </test> <!-- Default test -->
  </suite> <!-- Default suite -->
</testng-results>
